<?xml version="1.0" encoding="UTF-8"?>
<!-- Generated by org.testng.reporters.JUnitReportReporter -->
<testsuite hostname="LAPTOP-JAGADEESH" failures="0" tests="3" name="tests.TestCase1" time="33.033" errors="0" timestamp="21 Apr 2020 08:28:33 GMT" skipped="0">
  <testcase classname="tests.TestCase1" name="TestNG1TestCase3" time="13.060"/>
  <testcase classname="tests.TestCase1" name="TestNG1TestCase2" time="8.363"/>
  <testcase classname="tests.TestCase1" name="TestNG1TestCase1" time="11.610"/>
</testsuite> <!-- tests.TestCase1 -->
