<?xml version="1.0" encoding="UTF-8"?>
<!-- Generated by org.testng.reporters.JUnitReportReporter -->
<testsuite hostname="LAPTOP-JAGADEESH" failures="0" tests="1" name="tests.TestCase" time="22.268" errors="0" timestamp="18 Apr 2020 16:01:55 GMT" skipped="0">
  <testcase classname="tests.TestCase" name="verifyAPplicationNavigation" time="22.268"/>
</testsuite> <!-- tests.TestCase -->
